c:\users\konra\desktop\silentware softaim\build\intermediate\fortnitebase\vc143.pdb
c:\users\konra\desktop\silentware softaim\build\intermediate\fortnitebase\source.obj
c:\users\konra\desktop\silentware softaim\build\intermediate\fortnitebase\runmouse.obj
c:\users\konra\desktop\silentware softaim\build\intermediate\fortnitebase\normal.obj
c:\users\konra\desktop\silentware softaim\build\intermediate\fortnitebase\beziercurve.obj
c:\users\konra\desktop\silentware softaim\build\intermediate\fortnitebase\imgui_widgets.obj
c:\users\konra\desktop\silentware softaim\build\intermediate\fortnitebase\imgui_tables.obj
c:\users\konra\desktop\silentware softaim\build\intermediate\fortnitebase\imgui_impl_win32.obj
c:\users\konra\desktop\silentware softaim\build\intermediate\fortnitebase\imgui_impl_dx9.obj
c:\users\konra\desktop\silentware softaim\build\intermediate\fortnitebase\imgui_draw.obj
c:\users\konra\desktop\silentware softaim\build\intermediate\fortnitebase\imgui_demo.obj
c:\users\konra\desktop\silentware softaim\build\intermediate\fortnitebase\imgui.obj
c:\users\konra\desktop\silentware softaim\build\intermediate\fortnitebase\resource.res
c:\users\konra\desktop\silentware softaim\build\intermediate\fortnitebase\fortnite.ipdb
c:\users\konra\desktop\silentware softaim\build\intermediate\fortnitebase\fortnite.iobj
c:\users\konra\desktop\silentware softaim\\build\intermediate\fortnitebase\fortnite.vcxproj.filelistabsolute.txt
c:\users\konra\desktop\silentware softaim\build\intermediate\fortnitebase\fortnite.tlog\cl.command.1.tlog
c:\users\konra\desktop\silentware softaim\build\intermediate\fortnitebase\fortnite.tlog\cl.read.1.tlog
c:\users\konra\desktop\silentware softaim\build\intermediate\fortnitebase\fortnite.tlog\cl.write.1.tlog
c:\users\konra\desktop\silentware softaim\build\intermediate\fortnitebase\fortnite.tlog\link-cvtres.read.1.tlog
c:\users\konra\desktop\silentware softaim\build\intermediate\fortnitebase\fortnite.tlog\link.command.1.tlog
c:\users\konra\desktop\silentware softaim\build\intermediate\fortnitebase\fortnite.tlog\link.read.1.tlog
c:\users\konra\desktop\silentware softaim\build\intermediate\fortnitebase\fortnite.tlog\link.write.1.tlog
c:\users\konra\desktop\silentware softaim\build\intermediate\fortnitebase\fortnite.tlog\rc.command.1.tlog
c:\users\konra\desktop\silentware softaim\build\intermediate\fortnitebase\fortnite.tlog\rc.read.1.tlog
c:\users\konra\desktop\silentware softaim\build\intermediate\fortnitebase\fortnite.tlog\rc.write.1.tlog
